<?xml version="1.0" encoding="UTF-8" standalone="no"?><!DOCTYPE report PUBLIC "-//JACOCO//DTD Report 1.1//EN" "report.dtd"><report name="Pester (09/22/2020 13:47:53)"><sessioninfo id="this" start="1600782460405" dump="1600782473600" /><package name="workbooks"><class name="workbooks/Azure" sourcefilename="Azure.psm1"><method name="BuildSignature" desc="()" line="4"><counter type="INSTRUCTION" missed="0" covered="10" /><counter type="LINE" missed="0" covered="10" /><counter type="METHOD" missed="0" covered="1" /></method><method name="PostLogAnalyticsData" desc="()" line="20"><counter type="INSTRUCTION" missed="0" covered="13" /><counter type="LINE" missed="0" covered="13" /><counter type="METHOD" missed="0" covered="1" /></method><method name="&lt;script&gt;" desc="()" line="47"><counter type="INSTRUCTION" missed="0" covered="1" /><counter type="LINE" missed="0" covered="1" /><counter type="METHOD" missed="0" covered="1" /></method><counter type="INSTRUCTION" missed="0" covered="24" /><counter type="LINE" missed="0" covered="24" /><counter type="METHOD" missed="0" covered="3" /><counter type="CLASS" missed="0" covered="1" /></class><class name="workbooks/PerfTestsAnalyserConfig" sourcefilename="PerfTestsAnalyserConfig.psm1"><method name="getConfigBody" desc="()" line="6"><counter type="INSTRUCTION" missed="7" covered="0" /><counter type="LINE" missed="7" covered="0" /><counter type="METHOD" missed="1" covered="0" /></method><counter type="INSTRUCTION" missed="7" covered="0" /><counter type="LINE" missed="7" covered="0" /><counter type="METHOD" missed="1" covered="0" /><counter type="CLASS" missed="1" covered="0" /></class><class name="workbooks/PerfTestsAnalyserFunctions" sourcefilename="PerfTestsAnalyserFunctions.psm1"><method name="&lt;script&gt;" desc="()" line="1"><counter type="INSTRUCTION" missed="3" covered="0" /><counter type="LINE" missed="3" covered="0" /><counter type="METHOD" missed="1" covered="0" /></method><method name="getStartTime" desc="()" line="7"><counter type="INSTRUCTION" missed="5" covered="0" /><counter type="LINE" missed="4" covered="0" /><counter type="METHOD" missed="1" covered="0" /></method><method name="getEndTime" desc="()" line="16"><counter type="INSTRUCTION" missed="5" covered="0" /><counter type="LINE" missed="4" covered="0" /><counter type="METHOD" missed="1" covered="0" /></method><method name="createConfig" desc="()" line="26"><counter type="INSTRUCTION" missed="13" covered="0" /><counter type="LINE" missed="8" covered="0" /><counter type="METHOD" missed="1" covered="0" /></method><method name="establishAzContextAsCurrentUser" desc="()" line="42"><counter type="INSTRUCTION" missed="1" covered="0" /><counter type="LINE" missed="1" covered="0" /><counter type="METHOD" missed="1" covered="0" /></method><method name="establishAzContextAsSPN" desc="()" line="45"><counter type="INSTRUCTION" missed="4" covered="0" /><counter type="LINE" missed="3" covered="0" /><counter type="METHOD" missed="1" covered="0" /></method><method name="convertJmeterXMLtoCSV" desc="()" line="54"><counter type="INSTRUCTION" missed="49" covered="0" /><counter type="LINE" missed="31" covered="0" /><counter type="METHOD" missed="1" covered="0" /></method><method name="ReplaceTokensWithValues" desc="()" line="98"><counter type="INSTRUCTION" missed="6" covered="0" /><counter type="LINE" missed="4" covered="0" /><counter type="METHOD" missed="1" covered="0" /></method><method name="AdjustUrl" desc="()" line="104"><counter type="INSTRUCTION" missed="10" covered="0" /><counter type="LINE" missed="8" covered="0" /><counter type="METHOD" missed="1" covered="0" /></method><method name="GetResultFileName" desc="()" line="119"><counter type="INSTRUCTION" missed="3" covered="0" /><counter type="LINE" missed="1" covered="0" /><counter type="METHOD" missed="1" covered="0" /></method><method name="convertDownloadSourceData" desc="()" line="124"><counter type="INSTRUCTION" missed="300" covered="0" /><counter type="LINE" missed="225" covered="0" /><counter type="METHOD" missed="1" covered="0" /></method><method name="CreateSignature" desc="()" line="527"><counter type="INSTRUCTION" missed="10" covered="0" /><counter type="LINE" missed="10" covered="0" /><counter type="METHOD" missed="1" covered="0" /></method><method name="uploadToLogAnalytics" desc="()" line="543"><counter type="INSTRUCTION" missed="16" covered="0" /><counter type="LINE" missed="16" covered="0" /><counter type="METHOD" missed="1" covered="0" /></method><method name="uplaodSourceDataIntoLogAnalytics" desc="()" line="580"><counter type="INSTRUCTION" missed="35" covered="0" /><counter type="LINE" missed="24" covered="0" /><counter type="METHOD" missed="1" covered="0" /></method><counter type="INSTRUCTION" missed="460" covered="0" /><counter type="LINE" missed="342" covered="0" /><counter type="METHOD" missed="14" covered="0" /><counter type="CLASS" missed="1" covered="0" /></class><class name="workbooks/Workbooks" sourcefilename="Workbooks.psm1"><method name="&lt;script&gt;" desc="()" line="1"><counter type="INSTRUCTION" missed="0" covered="2" /><counter type="LINE" missed="0" covered="2" /><counter type="METHOD" missed="0" covered="1" /></method><method name="JmeterCSVResultsToJSON" desc="()" line="7"><counter type="INSTRUCTION" missed="0" covered="7" /><counter type="LINE" missed="0" covered="4" /><counter type="METHOD" missed="0" covered="1" /></method><method name="LoadProperties" desc="()" line="17"><counter type="INSTRUCTION" missed="0" covered="3" /><counter type="LINE" missed="0" covered="2" /><counter type="METHOD" missed="0" covered="1" /></method><method name="SendRawDataToLogAnalytics" desc="()" line="22"><counter type="INSTRUCTION" missed="0" covered="5" /><counter type="LINE" missed="0" covered="5" /><counter type="METHOD" missed="0" covered="1" /></method><method name="SendDataToLogAnalytics" desc="()" line="32"><counter type="INSTRUCTION" missed="0" covered="7" /><counter type="LINE" missed="0" covered="7" /><counter type="METHOD" missed="0" covered="1" /></method><counter type="INSTRUCTION" missed="0" covered="24" /><counter type="LINE" missed="0" covered="20" /><counter type="METHOD" missed="0" covered="5" /><counter type="CLASS" missed="0" covered="1" /></class><sourcefile name="Azure.psm1"><line nr="4" mi="0" ci="1" mb="0" cb="0" /><line nr="5" mi="0" ci="1" mb="0" cb="0" /><line nr="7" mi="0" ci="1" mb="0" cb="0" /><line nr="8" mi="0" ci="1" mb="0" cb="0" /><line nr="10" mi="0" ci="1" mb="0" cb="0" /><line nr="11" mi="0" ci="1" mb="0" cb="0" /><line nr="12" mi="0" ci="1" mb="0" cb="0" /><line nr="13" mi="0" ci="1" mb="0" cb="0" /><line nr="14" mi="0" ci="1" mb="0" cb="0" /><line nr="15" mi="0" ci="1" mb="0" cb="0" /><line nr="20" mi="0" ci="1" mb="0" cb="0" /><line nr="21" mi="0" ci="1" mb="0" cb="0" /><line nr="22" mi="0" ci="1" mb="0" cb="0" /><line nr="23" mi="0" ci="1" mb="0" cb="0" /><line nr="24" mi="0" ci="1" mb="0" cb="0" /><line nr="25" mi="0" ci="1" mb="0" cb="0" /><line nr="33" mi="0" ci="1" mb="0" cb="0" /><line nr="35" mi="0" ci="1" mb="0" cb="0" /><line nr="36" mi="0" ci="1" mb="0" cb="0" /><line nr="37" mi="0" ci="1" mb="0" cb="0" /><line nr="38" mi="0" ci="1" mb="0" cb="0" /><line nr="42" mi="0" ci="1" mb="0" cb="0" /><line nr="43" mi="0" ci="1" mb="0" cb="0" /><line nr="47" mi="0" ci="1" mb="0" cb="0" /><counter type="INSTRUCTION" missed="0" covered="24" /><counter type="LINE" missed="0" covered="24" /><counter type="METHOD" missed="0" covered="3" /><counter type="CLASS" missed="0" covered="1" /></sourcefile><sourcefile name="PerfTestsAnalyserConfig.psm1"><line nr="6" mi="1" ci="0" mb="0" cb="0" /><line nr="8" mi="1" ci="0" mb="0" cb="0" /><line nr="9" mi="1" ci="0" mb="0" cb="0" /><line nr="10" mi="1" ci="0" mb="0" cb="0" /><line nr="12" mi="1" ci="0" mb="0" cb="0" /><line nr="14" mi="1" ci="0" mb="0" cb="0" /><line nr="153" mi="1" ci="0" mb="0" cb="0" /><counter type="INSTRUCTION" missed="7" covered="0" /><counter type="LINE" missed="7" covered="0" /><counter type="METHOD" missed="1" covered="0" /><counter type="CLASS" missed="1" covered="0" /></sourcefile><sourcefile name="PerfTestsAnalyserFunctions.psm1"><line nr="1" mi="1" ci="0" mb="0" cb="0" /><line nr="2" mi="1" ci="0" mb="0" cb="0" /><line nr="3" mi="1" ci="0" mb="0" cb="0" /><line nr="7" mi="2" ci="0" mb="0" cb="0" /><line nr="8" mi="1" ci="0" mb="0" cb="0" /><line nr="9" mi="1" ci="0" mb="0" cb="0" /><line nr="10" mi="1" ci="0" mb="0" cb="0" /><line nr="16" mi="2" ci="0" mb="0" cb="0" /><line nr="17" mi="1" ci="0" mb="0" cb="0" /><line nr="18" mi="1" ci="0" mb="0" cb="0" /><line nr="19" mi="1" ci="0" mb="0" cb="0" /><line nr="26" mi="1" ci="0" mb="0" cb="0" /><line nr="27" mi="1" ci="0" mb="0" cb="0" /><line nr="28" mi="2" ci="0" mb="0" cb="0" /><line nr="29" mi="1" ci="0" mb="0" cb="0" /><line nr="31" mi="2" ci="0" mb="0" cb="0" /><line nr="32" mi="2" ci="0" mb="0" cb="0" /><line nr="34" mi="3" ci="0" mb="0" cb="0" /><line nr="36" mi="1" ci="0" mb="0" cb="0" /><line nr="42" mi="1" ci="0" mb="0" cb="0" /><line nr="45" mi="1" ci="0" mb="0" cb="0" /><line nr="46" mi="2" ci="0" mb="0" cb="0" /><line nr="47" mi="1" ci="0" mb="0" cb="0" /><line nr="54" mi="1" ci="0" mb="0" cb="0" /><line nr="56" mi="1" ci="0" mb="0" cb="0" /><line nr="57" mi="1" ci="0" mb="0" cb="0" /><line nr="58" mi="1" ci="0" mb="0" cb="0" /><line nr="60" mi="1" ci="0" mb="0" cb="0" /><line nr="61" mi="1" ci="0" mb="0" cb="0" /><line nr="62" mi="1" ci="0" mb="0" cb="0" /><line nr="63" mi="1" ci="0" mb="0" cb="0" /><line nr="64" mi="1" ci="0" mb="0" cb="0" /><line nr="65" mi="1" ci="0" mb="0" cb="0" /><line nr="66" mi="1" ci="0" mb="0" cb="0" /><line nr="68" mi="2" ci="0" mb="0" cb="0" /><line nr="69" mi="2" ci="0" mb="0" cb="0" /><line nr="70" mi="2" ci="0" mb="0" cb="0" /><line nr="71" mi="2" ci="0" mb="0" cb="0" /><line nr="72" mi="2" ci="0" mb="0" cb="0" /><line nr="74" mi="2" ci="0" mb="0" cb="0" /><line nr="75" mi="2" ci="0" mb="0" cb="0" /><line nr="76" mi="2" ci="0" mb="0" cb="0" /><line nr="77" mi="2" ci="0" mb="0" cb="0" /><line nr="79" mi="2" ci="0" mb="0" cb="0" /><line nr="80" mi="2" ci="0" mb="0" cb="0" /><line nr="81" mi="2" ci="0" mb="0" cb="0" /><line nr="82" mi="2" ci="0" mb="0" cb="0" /><line nr="83" mi="2" ci="0" mb="0" cb="0" /><line nr="84" mi="2" ci="0" mb="0" cb="0" /><line nr="85" mi="2" ci="0" mb="0" cb="0" /><line nr="86" mi="2" ci="0" mb="0" cb="0" /><line nr="89" mi="1" ci="0" mb="0" cb="0" /><line nr="92" mi="1" ci="0" mb="0" cb="0" /><line nr="93" mi="2" ci="0" mb="0" cb="0" /><line nr="98" mi="1" ci="0" mb="0" cb="0" /><line nr="99" mi="2" ci="0" mb="0" cb="0" /><line nr="100" mi="2" ci="0" mb="0" cb="0" /><line nr="101" mi="1" ci="0" mb="0" cb="0" /><line nr="104" mi="1" ci="0" mb="0" cb="0" /><line nr="105" mi="1" ci="0" mb="0" cb="0" /><line nr="106" mi="1" ci="0" mb="0" cb="0" /><line nr="109" mi="3" ci="0" mb="0" cb="0" /><line nr="110" mi="1" ci="0" mb="0" cb="0" /><line nr="112" mi="1" ci="0" mb="0" cb="0" /><line nr="113" mi="1" ci="0" mb="0" cb="0" /><line nr="115" mi="1" ci="0" mb="0" cb="0" /><line nr="119" mi="3" ci="0" mb="0" cb="0" /><line nr="124" mi="1" ci="0" mb="0" cb="0" /><line nr="125" mi="3" ci="0" mb="0" cb="0" /><line nr="127" mi="2" ci="0" mb="0" cb="0" /><line nr="128" mi="3" ci="0" mb="0" cb="0" /><line nr="129" mi="2" ci="0" mb="0" cb="0" /><line nr="131" mi="2" ci="0" mb="0" cb="0" /><line nr="132" mi="2" ci="0" mb="0" cb="0" /><line nr="133" mi="2" ci="0" mb="0" cb="0" /><line nr="136" mi="1" ci="0" mb="0" cb="0" /><line nr="138" mi="1" ci="0" mb="0" cb="0" /><line nr="139" mi="1" ci="0" mb="0" cb="0" /><line nr="140" mi="1" ci="0" mb="0" cb="0" /><line nr="141" mi="1" ci="0" mb="0" cb="0" /><line nr="142" mi="1" ci="0" mb="0" cb="0" /><line nr="143" mi="2" ci="0" mb="0" cb="0" /><line nr="146" mi="1" ci="0" mb="0" cb="0" /><line nr="147" mi="1" ci="0" mb="0" cb="0" /><line nr="148" mi="1" ci="0" mb="0" cb="0" /><line nr="151" mi="1" ci="0" mb="0" cb="0" /><line nr="152" mi="1" ci="0" mb="0" cb="0" /><line nr="153" mi="2" ci="0" mb="0" cb="0" /><line nr="154" mi="2" ci="0" mb="0" cb="0" /><line nr="155" mi="1" ci="0" mb="0" cb="0" /><line nr="157" mi="1" ci="0" mb="0" cb="0" /><line nr="158" mi="2" ci="0" mb="0" cb="0" /><line nr="160" mi="1" ci="0" mb="0" cb="0" /><line nr="161" mi="3" ci="0" mb="0" cb="0" /><line nr="165" mi="1" ci="0" mb="0" cb="0" /><line nr="166" mi="1" ci="0" mb="0" cb="0" /><line nr="168" mi="1" ci="0" mb="0" cb="0" /><line nr="171" mi="1" ci="0" mb="0" cb="0" /><line nr="173" mi="1" ci="0" mb="0" cb="0" /><line nr="174" mi="4" ci="0" mb="0" cb="0" /><line nr="175" mi="1" ci="0" mb="0" cb="0" /><line nr="177" mi="2" ci="0" mb="0" cb="0" /><line nr="178" mi="1" ci="0" mb="0" cb="0" /><line nr="179" mi="1" ci="0" mb="0" cb="0" /><line nr="180" mi="2" ci="0" mb="0" cb="0" /><line nr="185" mi="1" ci="0" mb="0" cb="0" /><line nr="186" mi="1" ci="0" mb="0" cb="0" /><line nr="187" mi="2" ci="0" mb="0" cb="0" /><line nr="191" mi="1" ci="0" mb="0" cb="0" /><line nr="193" mi="3" ci="0" mb="0" cb="0" /><line nr="194" mi="1" ci="0" mb="0" cb="0" /><line nr="195" mi="2" ci="0" mb="0" cb="0" /><line nr="196" mi="2" ci="0" mb="0" cb="0" /><line nr="197" mi="2" ci="0" mb="0" cb="0" /><line nr="200" mi="1" ci="0" mb="0" cb="0" /><line nr="207" mi="1" ci="0" mb="0" cb="0" /><line nr="208" mi="1" ci="0" mb="0" cb="0" /><line nr="210" mi="1" ci="0" mb="0" cb="0" /><line nr="211" mi="1" ci="0" mb="0" cb="0" /><line nr="214" mi="2" ci="0" mb="0" cb="0" /><line nr="216" mi="1" ci="0" mb="0" cb="0" /><line nr="217" mi="1" ci="0" mb="0" cb="0" /><line nr="219" mi="1" ci="0" mb="0" cb="0" /><line nr="220" mi="1" ci="0" mb="0" cb="0" /><line nr="221" mi="1" ci="0" mb="0" cb="0" /><line nr="222" mi="1" ci="0" mb="0" cb="0" /><line nr="223" mi="1" ci="0" mb="0" cb="0" /><line nr="225" mi="2" ci="0" mb="0" cb="0" /><line nr="226" mi="2" ci="0" mb="0" cb="0" /><line nr="227" mi="2" ci="0" mb="0" cb="0" /><line nr="228" mi="2" ci="0" mb="0" cb="0" /><line nr="230" mi="1" ci="0" mb="0" cb="0" /><line nr="231" mi="1" ci="0" mb="0" cb="0" /><line nr="232" mi="1" ci="0" mb="0" cb="0" /><line nr="235" mi="1" ci="0" mb="0" cb="0" /><line nr="236" mi="1" ci="0" mb="0" cb="0" /><line nr="237" mi="1" ci="0" mb="0" cb="0" /><line nr="240" mi="1" ci="0" mb="0" cb="0" /><line nr="241" mi="1" ci="0" mb="0" cb="0" /><line nr="242" mi="2" ci="0" mb="0" cb="0" /><line nr="244" mi="1" ci="0" mb="0" cb="0" /><line nr="245" mi="2" ci="0" mb="0" cb="0" /><line nr="246" mi="2" ci="0" mb="0" cb="0" /><line nr="247" mi="1" ci="0" mb="0" cb="0" /><line nr="251" mi="2" ci="0" mb="0" cb="0" /><line nr="252" mi="1" ci="0" mb="0" cb="0" /><line nr="253" mi="1" ci="0" mb="0" cb="0" /><line nr="255" mi="1" ci="0" mb="0" cb="0" /><line nr="258" mi="1" ci="0" mb="0" cb="0" /><line nr="261" mi="1" ci="0" mb="0" cb="0" /><line nr="262" mi="1" ci="0" mb="0" cb="0" /><line nr="263" mi="1" ci="0" mb="0" cb="0" /><line nr="265" mi="1" ci="0" mb="0" cb="0" /><line nr="266" mi="1" ci="0" mb="0" cb="0" /><line nr="268" mi="1" ci="0" mb="0" cb="0" /><line nr="270" mi="1" ci="0" mb="0" cb="0" /><line nr="271" mi="1" ci="0" mb="0" cb="0" /><line nr="272" mi="1" ci="0" mb="0" cb="0" /><line nr="273" mi="1" ci="0" mb="0" cb="0" /><line nr="277" mi="1" ci="0" mb="0" cb="0" /><line nr="284" mi="1" ci="0" mb="0" cb="0" /><line nr="285" mi="1" ci="0" mb="0" cb="0" /><line nr="286" mi="1" ci="0" mb="0" cb="0" /><line nr="287" mi="1" ci="0" mb="0" cb="0" /><line nr="289" mi="1" ci="0" mb="0" cb="0" /><line nr="292" mi="1" ci="0" mb="0" cb="0" /><line nr="295" mi="1" ci="0" mb="0" cb="0" /><line nr="296" mi="1" ci="0" mb="0" cb="0" /><line nr="297" mi="1" ci="0" mb="0" cb="0" /><line nr="300" mi="1" ci="0" mb="0" cb="0" /><line nr="301" mi="1" ci="0" mb="0" cb="0" /><line nr="302" mi="1" ci="0" mb="0" cb="0" /><line nr="303" mi="2" ci="0" mb="0" cb="0" /><line nr="304" mi="1" ci="0" mb="0" cb="0" /><line nr="305" mi="1" ci="0" mb="0" cb="0" /><line nr="306" mi="2" ci="0" mb="0" cb="0" /><line nr="310" mi="2" ci="0" mb="0" cb="0" /><line nr="317" mi="1" ci="0" mb="0" cb="0" /><line nr="318" mi="1" ci="0" mb="0" cb="0" /><line nr="319" mi="1" ci="0" mb="0" cb="0" /><line nr="320" mi="1" ci="0" mb="0" cb="0" /><line nr="321" mi="1" ci="0" mb="0" cb="0" /><line nr="323" mi="1" ci="0" mb="0" cb="0" /><line nr="326" mi="1" ci="0" mb="0" cb="0" /><line nr="329" mi="1" ci="0" mb="0" cb="0" /><line nr="330" mi="1" ci="0" mb="0" cb="0" /><line nr="331" mi="1" ci="0" mb="0" cb="0" /><line nr="334" mi="1" ci="0" mb="0" cb="0" /><line nr="335" mi="1" ci="0" mb="0" cb="0" /><line nr="336" mi="1" ci="0" mb="0" cb="0" /><line nr="337" mi="1" ci="0" mb="0" cb="0" /><line nr="338" mi="1" ci="0" mb="0" cb="0" /><line nr="340" mi="1" ci="0" mb="0" cb="0" /><line nr="341" mi="1" ci="0" mb="0" cb="0" /><line nr="342" mi="1" ci="0" mb="0" cb="0" /><line nr="343" mi="1" ci="0" mb="0" cb="0" /><line nr="344" mi="2" ci="0" mb="0" cb="0" /><line nr="345" mi="1" ci="0" mb="0" cb="0" /><line nr="346" mi="2" ci="0" mb="0" cb="0" /><line nr="347" mi="2" ci="0" mb="0" cb="0" /><line nr="349" mi="1" ci="0" mb="0" cb="0" /><line nr="350" mi="2" ci="0" mb="0" cb="0" /><line nr="352" mi="2" ci="0" mb="0" cb="0" /><line nr="353" mi="1" ci="0" mb="0" cb="0" /><line nr="354" mi="1" ci="0" mb="0" cb="0" /><line nr="355" mi="2" ci="0" mb="0" cb="0" /><line nr="358" mi="1" ci="0" mb="0" cb="0" /><line nr="362" mi="1" ci="0" mb="0" cb="0" /><line nr="363" mi="2" ci="0" mb="0" cb="0" /><line nr="371" mi="1" ci="0" mb="0" cb="0" /><line nr="372" mi="1" ci="0" mb="0" cb="0" /><line nr="373" mi="1" ci="0" mb="0" cb="0" /><line nr="374" mi="1" ci="0" mb="0" cb="0" /><line nr="375" mi="1" ci="0" mb="0" cb="0" /><line nr="377" mi="1" ci="0" mb="0" cb="0" /><line nr="380" mi="1" ci="0" mb="0" cb="0" /><line nr="383" mi="1" ci="0" mb="0" cb="0" /><line nr="384" mi="1" ci="0" mb="0" cb="0" /><line nr="385" mi="1" ci="0" mb="0" cb="0" /><line nr="388" mi="1" ci="0" mb="0" cb="0" /><line nr="389" mi="1" ci="0" mb="0" cb="0" /><line nr="390" mi="1" ci="0" mb="0" cb="0" /><line nr="391" mi="1" ci="0" mb="0" cb="0" /><line nr="392" mi="2" ci="0" mb="0" cb="0" /><line nr="393" mi="2" ci="0" mb="0" cb="0" /><line nr="394" mi="2" ci="0" mb="0" cb="0" /><line nr="395" mi="2" ci="0" mb="0" cb="0" /><line nr="396" mi="1" ci="0" mb="0" cb="0" /><line nr="397" mi="2" ci="0" mb="0" cb="0" /><line nr="399" mi="2" ci="0" mb="0" cb="0" /><line nr="400" mi="1" ci="0" mb="0" cb="0" /><line nr="401" mi="1" ci="0" mb="0" cb="0" /><line nr="402" mi="2" ci="0" mb="0" cb="0" /><line nr="405" mi="1" ci="0" mb="0" cb="0" /><line nr="412" mi="1" ci="0" mb="0" cb="0" /><line nr="413" mi="1" ci="0" mb="0" cb="0" /><line nr="414" mi="2" ci="0" mb="0" cb="0" /><line nr="415" mi="2" ci="0" mb="0" cb="0" /><line nr="416" mi="2" ci="0" mb="0" cb="0" /><line nr="418" mi="1" ci="0" mb="0" cb="0" /><line nr="419" mi="2" ci="0" mb="0" cb="0" /><line nr="422" mi="2" ci="0" mb="0" cb="0" /><line nr="423" mi="1" ci="0" mb="0" cb="0" /><line nr="424" mi="1" ci="0" mb="0" cb="0" /><line nr="425" mi="2" ci="0" mb="0" cb="0" /><line nr="428" mi="1" ci="0" mb="0" cb="0" /><line nr="431" mi="1" ci="0" mb="0" cb="0" /><line nr="432" mi="2" ci="0" mb="0" cb="0" /><line nr="439" mi="1" ci="0" mb="0" cb="0" /><line nr="441" mi="1" ci="0" mb="0" cb="0" /><line nr="442" mi="1" ci="0" mb="0" cb="0" /><line nr="443" mi="1" ci="0" mb="0" cb="0" /><line nr="445" mi="1" ci="0" mb="0" cb="0" /><line nr="446" mi="1" ci="0" mb="0" cb="0" /><line nr="448" mi="3" ci="0" mb="0" cb="0" /><line nr="451" mi="1" ci="0" mb="0" cb="0" /><line nr="454" mi="1" ci="0" mb="0" cb="0" /><line nr="455" mi="1" ci="0" mb="0" cb="0" /><line nr="456" mi="1" ci="0" mb="0" cb="0" /><line nr="459" mi="1" ci="0" mb="0" cb="0" /><line nr="460" mi="1" ci="0" mb="0" cb="0" /><line nr="461" mi="3" ci="0" mb="0" cb="0" /><line nr="462" mi="2" ci="0" mb="0" cb="0" /><line nr="464" mi="2" ci="0" mb="0" cb="0" /><line nr="465" mi="1" ci="0" mb="0" cb="0" /><line nr="466" mi="1" ci="0" mb="0" cb="0" /><line nr="467" mi="2" ci="0" mb="0" cb="0" /><line nr="470" mi="1" ci="0" mb="0" cb="0" /><line nr="473" mi="1" ci="0" mb="0" cb="0" /><line nr="474" mi="2" ci="0" mb="0" cb="0" /><line nr="480" mi="1" ci="0" mb="0" cb="0" /><line nr="482" mi="1" ci="0" mb="0" cb="0" /><line nr="483" mi="1" ci="0" mb="0" cb="0" /><line nr="484" mi="1" ci="0" mb="0" cb="0" /><line nr="486" mi="1" ci="0" mb="0" cb="0" /><line nr="487" mi="1" ci="0" mb="0" cb="0" /><line nr="489" mi="3" ci="0" mb="0" cb="0" /><line nr="492" mi="1" ci="0" mb="0" cb="0" /><line nr="495" mi="1" ci="0" mb="0" cb="0" /><line nr="496" mi="1" ci="0" mb="0" cb="0" /><line nr="497" mi="1" ci="0" mb="0" cb="0" /><line nr="500" mi="1" ci="0" mb="0" cb="0" /><line nr="501" mi="1" ci="0" mb="0" cb="0" /><line nr="502" mi="3" ci="0" mb="0" cb="0" /><line nr="503" mi="2" ci="0" mb="0" cb="0" /><line nr="505" mi="2" ci="0" mb="0" cb="0" /><line nr="506" mi="1" ci="0" mb="0" cb="0" /><line nr="507" mi="1" ci="0" mb="0" cb="0" /><line nr="508" mi="2" ci="0" mb="0" cb="0" /><line nr="511" mi="1" ci="0" mb="0" cb="0" /><line nr="514" mi="1" ci="0" mb="0" cb="0" /><line nr="515" mi="2" ci="0" mb="0" cb="0" /><line nr="527" mi="1" ci="0" mb="0" cb="0" /><line nr="528" mi="1" ci="0" mb="0" cb="0" /><line nr="530" mi="1" ci="0" mb="0" cb="0" /><line nr="531" mi="1" ci="0" mb="0" cb="0" /><line nr="533" mi="1" ci="0" mb="0" cb="0" /><line nr="534" mi="1" ci="0" mb="0" cb="0" /><line nr="535" mi="1" ci="0" mb="0" cb="0" /><line nr="536" mi="1" ci="0" mb="0" cb="0" /><line nr="537" mi="1" ci="0" mb="0" cb="0" /><line nr="538" mi="1" ci="0" mb="0" cb="0" /><line nr="543" mi="1" ci="0" mb="0" cb="0" /><line nr="544" mi="1" ci="0" mb="0" cb="0" /><line nr="545" mi="1" ci="0" mb="0" cb="0" /><line nr="546" mi="1" ci="0" mb="0" cb="0" /><line nr="547" mi="1" ci="0" mb="0" cb="0" /><line nr="548" mi="1" ci="0" mb="0" cb="0" /><line nr="556" mi="1" ci="0" mb="0" cb="0" /><line nr="558" mi="1" ci="0" mb="0" cb="0" /><line nr="559" mi="1" ci="0" mb="0" cb="0" /><line nr="560" mi="1" ci="0" mb="0" cb="0" /><line nr="561" mi="1" ci="0" mb="0" cb="0" /><line nr="566" mi="1" ci="0" mb="0" cb="0" /><line nr="569" mi="1" ci="0" mb="0" cb="0" /><line nr="570" mi="1" ci="0" mb="0" cb="0" /><line nr="571" mi="1" ci="0" mb="0" cb="0" /><line nr="574" mi="1" ci="0" mb="0" cb="0" /><line nr="580" mi="1" ci="0" mb="0" cb="0" /><line nr="581" mi="3" ci="0" mb="0" cb="0" /><line nr="582" mi="2" ci="0" mb="0" cb="0" /><line nr="584" mi="2" ci="0" mb="0" cb="0" /><line nr="586" mi="1" ci="0" mb="0" cb="0" /><line nr="588" mi="1" ci="0" mb="0" cb="0" /><line nr="590" mi="1" ci="0" mb="0" cb="0" /><line nr="591" mi="1" ci="0" mb="0" cb="0" /><line nr="593" mi="1" ci="0" mb="0" cb="0" /><line nr="594" mi="1" ci="0" mb="0" cb="0" /><line nr="595" mi="1" ci="0" mb="0" cb="0" /><line nr="596" mi="1" ci="0" mb="0" cb="0" /><line nr="597" mi="1" ci="0" mb="0" cb="0" /><line nr="598" mi="1" ci="0" mb="0" cb="0" /><line nr="600" mi="1" ci="0" mb="0" cb="0" /><line nr="603" mi="3" ci="0" mb="0" cb="0" /><line nr="610" mi="1" ci="0" mb="0" cb="0" /><line nr="611" mi="1" ci="0" mb="0" cb="0" /><line nr="612" mi="1" ci="0" mb="0" cb="0" /><line nr="613" mi="1" ci="0" mb="0" cb="0" /><line nr="618" mi="2" ci="0" mb="0" cb="0" /><line nr="620" mi="3" ci="0" mb="0" cb="0" /><line nr="623" mi="2" ci="0" mb="0" cb="0" /><line nr="625" mi="2" ci="0" mb="0" cb="0" /><counter type="INSTRUCTION" missed="460" covered="0" /><counter type="LINE" missed="342" covered="0" /><counter type="METHOD" missed="14" covered="0" /><counter type="CLASS" missed="1" covered="0" /></sourcefile><sourcefile name="Workbooks.psm1"><line nr="1" mi="0" ci="1" mb="0" cb="0" /><line nr="7" mi="0" ci="1" mb="0" cb="0" /><line nr="8" mi="0" ci="4" mb="0" cb="0" /><line nr="10" mi="0" ci="1" mb="0" cb="0" /><line nr="11" mi="0" ci="1" mb="0" cb="0" /><line nr="17" mi="0" ci="2" mb="0" cb="0" /><line nr="18" mi="0" ci="1" mb="0" cb="0" /><line nr="22" mi="0" ci="1" mb="0" cb="0" /><line nr="23" mi="0" ci="1" mb="0" cb="0" /><line nr="24" mi="0" ci="1" mb="0" cb="0" /><line nr="26" mi="0" ci="1" mb="0" cb="0" /><line nr="28" mi="0" ci="1" mb="0" cb="0" /><line nr="32" mi="0" ci="1" mb="0" cb="0" /><line nr="35" mi="0" ci="1" mb="0" cb="0" /><line nr="36" mi="0" ci="1" mb="0" cb="0" /><line nr="38" mi="0" ci="1" mb="0" cb="0" /><line nr="39" mi="0" ci="1" mb="0" cb="0" /><line nr="40" mi="0" ci="1" mb="0" cb="0" /><line nr="42" mi="0" ci="1" mb="0" cb="0" /><line nr="46" mi="0" ci="1" mb="0" cb="0" /><counter type="INSTRUCTION" missed="0" covered="24" /><counter type="LINE" missed="0" covered="20" /><counter type="METHOD" missed="0" covered="5" /><counter type="CLASS" missed="0" covered="1" /></sourcefile><counter type="INSTRUCTION" missed="467" covered="48" /><counter type="LINE" missed="349" covered="44" /><counter type="METHOD" missed="15" covered="8" /><counter type="CLASS" missed="2" covered="2" /></package><counter type="INSTRUCTION" missed="467" covered="48" /><counter type="LINE" missed="349" covered="44" /><counter type="METHOD" missed="15" covered="8" /><counter type="CLASS" missed="2" covered="2" /></report>
